build/app/intermediates/manifest_merge_blame_file/debug/manifest-merger-blame-debug-report.txt
1<?xml version="1.0" encoding="utf-8"?>
2<manifest xmlns:android="http://schemas.android.com/apk/res/android"
3    package="com.example.linkedin_feed"
4    android:versionCode="1"
5    android:versionName="1.0.0" >
6
7    <uses-sdk
8        android:minSdkVersion="19"
9        android:targetSdkVersion="30" />
10    <!--
11         Flutter needs it to communicate with the running application
12         to allow setting breakpoints, to provide hot reload, etc.
13    -->
14    <uses-permission android:name="android.permission.INTERNET" />
14-->src\debug\AndroidManifest.xml:6:5-66
14-->src\debug\AndroidManifest.xml:6:22-64
15    <uses-permission android:name="android.permission.WAKE_LOCK" />
15-->[:firebase_messaging] AndroidManifest.xml:10:5-68
15-->[:firebase_messaging] AndroidManifest.xml:10:22-65
16    <uses-permission android:name="android.permission.ACCESS_NETWORK_STATE" /> <!-- Permissions options for the `notification` group -->
16-->[:firebase_messaging] AndroidManifest.xml:11:5-79
16-->[:firebase_messaging] AndroidManifest.xml:11:22-76
17    <uses-permission android:name="android.permission.POST_NOTIFICATIONS" />
17-->[:firebase_messaging] AndroidManifest.xml:13:5-77
17-->[:firebase_messaging] AndroidManifest.xml:13:22-74
18    <uses-permission android:name="android.permission.RECEIVE_BOOT_COMPLETED" />
18-->[:flutter_local_notifications] AndroidManifest.xml:9:5-81
18-->[:flutter_local_notifications] AndroidManifest.xml:9:22-78
19    <uses-permission android:name="android.permission.VIBRATE" />
19-->[:flutter_local_notifications] AndroidManifest.xml:10:5-66
19-->[:flutter_local_notifications] AndroidManifest.xml:10:22-63
20    <uses-permission android:name="android.permission.USE_FULL_SCREEN_INTENT" />
20-->[:flutter_local_notifications] AndroidManifest.xml:11:5-81
20-->[:flutter_local_notifications] AndroidManifest.xml:11:22-78
21    <uses-permission android:name="android.permission.SCHEDULE_EXACT_ALARM" /> <!-- Required by older versions of Google Play services to create IID tokens -->
21-->[:flutter_local_notifications] AndroidManifest.xml:12:5-79
21-->[:flutter_local_notifications] AndroidManifest.xml:12:22-76
22    <uses-permission android:name="com.google.android.c2dm.permission.RECEIVE" />
22-->[com.google.firebase:firebase-messaging:23.1.2] AndroidManifest.xml:28:5-82
22-->[com.google.firebase:firebase-messaging:23.1.2] AndroidManifest.xml:28:22-79
23    <uses-permission android:name="com.google.android.gms.permission.AD_ID" />
23-->[com.google.android.gms:play-services-measurement-api:21.2.2] AndroidManifest.xml:25:5-79
23-->[com.google.android.gms:play-services-measurement-api:21.2.2] AndroidManifest.xml:25:22-76
24    <uses-permission android:name="com.google.android.finsky.permission.BIND_GET_INSTALL_REFERRER_SERVICE" />
24-->[com.google.android.gms:play-services-measurement:21.2.2] AndroidManifest.xml:26:5-110
24-->[com.google.android.gms:play-services-measurement:21.2.2] AndroidManifest.xml:26:22-107
25
26    <application
26-->src\main\AndroidManifest.xml:3:4-40:19
27        android:name="androidx.multidex.MultiDexApplication"
28        android:appComponentFactory="androidx.core.app.CoreComponentFactory"
28-->[androidx.core:core:1.6.0] AndroidManifest.xml:24:18-86
29        android:debuggable="true"
30        android:icon="@mipmap/ic_launcher"
30-->src\main\AndroidManifest.xml:5:9-43
31        android:label="flutterapp" >
31-->src\main\AndroidManifest.xml:4:9-35
32        <activity
32-->src\main\AndroidManifest.xml:6:9-34:20
33            android:name="com.benjt.com.flutterapp.MainActivity"
33-->src\main\AndroidManifest.xml:7:13-41
34            android:configChanges="orientation|keyboardHidden|keyboard|screenSize|smallestScreenSize|locale|layoutDirection|fontScale|screenLayout|density|uiMode"
34-->src\main\AndroidManifest.xml:10:13-163
35            android:hardwareAccelerated="true"
35-->src\main\AndroidManifest.xml:11:13-47
36            android:launchMode="singleTop"
36-->src\main\AndroidManifest.xml:8:13-43
37            android:theme="@style/LaunchTheme"
37-->src\main\AndroidManifest.xml:9:13-47
38            android:windowSoftInputMode="adjustResize" >
38-->src\main\AndroidManifest.xml:12:13-55
39
40            <!--
41                 Specifies an Android theme to apply to this Activity as soon as
42                 the Android process has started. This theme is visible to the user
43                 while the Flutter UI initializes. After that, this theme continues
44                 to determine the Window background behind the Flutter UI.
45            -->
46            <meta-data
46-->src\main\AndroidManifest.xml:17:13-20:17
47                android:name="io.flutter.embedding.android.NormalTheme"
47-->src\main\AndroidManifest.xml:18:15-70
48                android:resource="@style/NormalTheme" />
48-->src\main\AndroidManifest.xml:19:15-52
49            <!--
50                 Displays an Android View that continues showing the launch screen
51                 Drawable until Flutter paints its first frame, then this splash
52                 screen fades out. A splash screen is useful to avoid any visual
53                 gap between the end of Android's launch screen and the painting of
54                 Flutter's first frame.
55            -->
56            <meta-data
56-->src\main\AndroidManifest.xml:26:13-29:17
57                android:name="io.flutter.embedding.android.SplashScreenDrawable"
57-->src\main\AndroidManifest.xml:27:15-79
58                android:resource="@drawable/launch_background" />
58-->src\main\AndroidManifest.xml:28:15-61
59
60            <intent-filter>
60-->src\main\AndroidManifest.xml:30:13-33:29
61                <action android:name="android.intent.action.MAIN" />
61-->src\main\AndroidManifest.xml:31:17-68
61-->src\main\AndroidManifest.xml:31:25-66
62
63                <category android:name="android.intent.category.LAUNCHER" />
63-->src\main\AndroidManifest.xml:32:17-76
63-->src\main\AndroidManifest.xml:32:27-74
64            </intent-filter>
65        </activity>
66        <!--
67             Don't delete the meta-data below.
68             This is used by the Flutter tool to generate GeneratedPluginRegistrant.java
69        -->
70        <meta-data
70-->src\main\AndroidManifest.xml:37:9-39:33
71            android:name="flutterEmbedding"
71-->src\main\AndroidManifest.xml:38:13-44
72            android:value="2" />
72-->src\main\AndroidManifest.xml:39:13-30
73
74        <service
74-->[:firebase_messaging] AndroidManifest.xml:16:9-19:72
75            android:name="io.flutter.plugins.firebase.messaging.FlutterFirebaseMessagingBackgroundService"
75-->[:firebase_messaging] AndroidManifest.xml:17:13-107
76            android:exported="false"
76-->[:firebase_messaging] AndroidManifest.xml:18:13-37
77            android:permission="android.permission.BIND_JOB_SERVICE" />
77-->[:firebase_messaging] AndroidManifest.xml:19:13-69
78        <service
78-->[:firebase_messaging] AndroidManifest.xml:20:9-26:19
79            android:name="io.flutter.plugins.firebase.messaging.FlutterFirebaseMessagingService"
79-->[:firebase_messaging] AndroidManifest.xml:21:13-97
80            android:exported="false" >
80-->[:firebase_messaging] AndroidManifest.xml:22:13-37
81            <intent-filter>
81-->[:firebase_messaging] AndroidManifest.xml:23:13-25:29
82                <action android:name="com.google.firebase.MESSAGING_EVENT" />
82-->[:firebase_messaging] AndroidManifest.xml:24:17-78
82-->[:firebase_messaging] AndroidManifest.xml:24:25-75
83            </intent-filter>
84        </service>
85
86        <receiver
86-->[:firebase_messaging] AndroidManifest.xml:28:9-35:20
87            android:name="io.flutter.plugins.firebase.messaging.FlutterFirebaseMessagingReceiver"
87-->[:firebase_messaging] AndroidManifest.xml:29:13-98
88            android:exported="true"
88-->[:firebase_messaging] AndroidManifest.xml:30:13-36
89            android:permission="com.google.android.c2dm.permission.SEND" >
89-->[:firebase_messaging] AndroidManifest.xml:31:13-73
90            <intent-filter>
90-->[:firebase_messaging] AndroidManifest.xml:32:13-34:29
91                <action android:name="com.google.android.c2dm.intent.RECEIVE" />
91-->[:firebase_messaging] AndroidManifest.xml:33:17-81
91-->[:firebase_messaging] AndroidManifest.xml:33:25-78
92            </intent-filter>
93        </receiver>
94
95        <service
95-->[:firebase_messaging] AndroidManifest.xml:37:9-41:19
96            android:name="com.google.firebase.components.ComponentDiscoveryService"
96-->[:firebase_messaging] AndroidManifest.xml:37:18-89
97            android:directBootAware="true"
97-->[com.google.firebase:firebase-common:20.3.2] AndroidManifest.xml:34:13-43
98            android:exported="false" >
98-->[com.google.firebase:firebase-analytics-ktx:21.2.2] AndroidManifest.xml:10:13-37
99            <meta-data
99-->[:firebase_messaging] AndroidManifest.xml:38:13-40:85
100                android:name="com.google.firebase.components:io.flutter.plugins.firebase.messaging.FlutterFirebaseAppRegistrar"
100-->[:firebase_messaging] AndroidManifest.xml:39:17-128
101                android:value="com.google.firebase.components.ComponentRegistrar" />
101-->[:firebase_messaging] AndroidManifest.xml:40:17-82
102            <meta-data
102-->[:firebase_core] AndroidManifest.xml:11:13-13:85
103                android:name="com.google.firebase.components:io.flutter.plugins.firebase.core.FlutterFirebaseCoreRegistrar"
103-->[:firebase_core] AndroidManifest.xml:12:17-124
104                android:value="com.google.firebase.components.ComponentRegistrar" />
104-->[:firebase_core] AndroidManifest.xml:13:17-82
105            <meta-data
105-->[com.google.firebase:firebase-analytics-ktx:21.2.2] AndroidManifest.xml:11:13-13:85
106                android:name="com.google.firebase.components:com.google.firebase.analytics.ktx.FirebaseAnalyticsKtxRegistrar"
106-->[com.google.firebase:firebase-analytics-ktx:21.2.2] AndroidManifest.xml:12:17-126
107                android:value="com.google.firebase.components.ComponentRegistrar" />
107-->[com.google.firebase:firebase-analytics-ktx:21.2.2] AndroidManifest.xml:13:17-82
108            <meta-data
108-->[com.google.firebase:firebase-common-ktx:20.3.2] AndroidManifest.xml:14:13-16:85
109                android:name="com.google.firebase.components:com.google.firebase.ktx.FirebaseCommonKtxRegistrar"
109-->[com.google.firebase:firebase-common-ktx:20.3.2] AndroidManifest.xml:15:17-113
110                android:value="com.google.firebase.components.ComponentRegistrar" />
110-->[com.google.firebase:firebase-common-ktx:20.3.2] AndroidManifest.xml:16:17-82
111            <meta-data
111-->[com.google.firebase:firebase-messaging:23.1.2] AndroidManifest.xml:55:13-57:85
112                android:name="com.google.firebase.components:com.google.firebase.messaging.FirebaseMessagingRegistrar"
112-->[com.google.firebase:firebase-messaging:23.1.2] AndroidManifest.xml:56:17-119
113                android:value="com.google.firebase.components.ComponentRegistrar" />
113-->[com.google.firebase:firebase-messaging:23.1.2] AndroidManifest.xml:57:17-82
114            <meta-data
114-->[com.google.firebase:firebase-datatransport:18.1.7] AndroidManifest.xml:27:13-29:85
115                android:name="com.google.firebase.components:com.google.firebase.datatransport.TransportRegistrar"
115-->[com.google.firebase:firebase-datatransport:18.1.7] AndroidManifest.xml:28:17-115
116                android:value="com.google.firebase.components.ComponentRegistrar" />
116-->[com.google.firebase:firebase-datatransport:18.1.7] AndroidManifest.xml:29:17-82
117            <meta-data
117-->[com.google.firebase:firebase-iid:21.1.0] AndroidManifest.xml:32:13-34:85
118                android:name="com.google.firebase.components:com.google.firebase.iid.Registrar"
118-->[com.google.firebase:firebase-iid:21.1.0] AndroidManifest.xml:33:17-96
119                android:value="com.google.firebase.components.ComponentRegistrar" />
119-->[com.google.firebase:firebase-iid:21.1.0] AndroidManifest.xml:34:17-82
120            <meta-data
120-->[com.google.android.gms:play-services-measurement-api:21.2.2] AndroidManifest.xml:31:13-33:85
121                android:name="com.google.firebase.components:com.google.firebase.analytics.connector.internal.AnalyticsConnectorRegistrar"
121-->[com.google.android.gms:play-services-measurement-api:21.2.2] AndroidManifest.xml:32:17-139
122                android:value="com.google.firebase.components.ComponentRegistrar" />
122-->[com.google.android.gms:play-services-measurement-api:21.2.2] AndroidManifest.xml:33:17-82
123            <meta-data
123-->[com.google.firebase:firebase-installations:17.1.3] AndroidManifest.xml:17:13-19:85
124                android:name="com.google.firebase.components:com.google.firebase.installations.FirebaseInstallationsRegistrar"
124-->[com.google.firebase:firebase-installations:17.1.3] AndroidManifest.xml:18:17-127
125                android:value="com.google.firebase.components.ComponentRegistrar" />
125-->[com.google.firebase:firebase-installations:17.1.3] AndroidManifest.xml:19:17-82
126        </service>
127
128        <provider
128-->[:firebase_messaging] AndroidManifest.xml:43:9-47:38
129            android:name="io.flutter.plugins.firebase.messaging.FlutterFirebaseMessagingInitProvider"
129-->[:firebase_messaging] AndroidManifest.xml:44:13-102
130            android:authorities="com.example.linkedin_feed.flutterfirebasemessaginginitprovider"
130-->[:firebase_messaging] AndroidManifest.xml:45:13-88
131            android:exported="false"
131-->[:firebase_messaging] AndroidManifest.xml:46:13-37
132            android:initOrder="99" />
132-->[:firebase_messaging] AndroidManifest.xml:47:13-35
133
134        <receiver
134-->[:flutter_local_notifications] AndroidManifest.xml:16:9-18:40
135            android:name="com.dexterous.flutterlocalnotifications.ActionBroadcastReceiver"
135-->[:flutter_local_notifications] AndroidManifest.xml:17:13-91
136            android:exported="false" />
136-->[:flutter_local_notifications] AndroidManifest.xml:18:13-37
137        <receiver
137-->[:flutter_local_notifications] AndroidManifest.xml:19:9-21:40
138            android:name="com.dexterous.flutterlocalnotifications.ScheduledNotificationReceiver"
138-->[:flutter_local_notifications] AndroidManifest.xml:20:13-97
139            android:exported="false" />
139-->[:flutter_local_notifications] AndroidManifest.xml:21:13-37
140        <receiver
140-->[:flutter_local_notifications] AndroidManifest.xml:22:9-31:20
141            android:name="com.dexterous.flutterlocalnotifications.ScheduledNotificationBootReceiver"
141-->[:flutter_local_notifications] AndroidManifest.xml:23:13-101
142            android:exported="false" >
142-->[:flutter_local_notifications] AndroidManifest.xml:24:13-37
143            <intent-filter>
143-->[:flutter_local_notifications] AndroidManifest.xml:25:13-30:29
144                <action android:name="android.intent.action.BOOT_COMPLETED" />
144-->[:flutter_local_notifications] AndroidManifest.xml:26:17-79
144-->[:flutter_local_notifications] AndroidManifest.xml:26:25-76
145                <action android:name="android.intent.action.MY_PACKAGE_REPLACED" />
145-->[:flutter_local_notifications] AndroidManifest.xml:27:17-84
145-->[:flutter_local_notifications] AndroidManifest.xml:27:25-81
146                <action android:name="android.intent.action.QUICKBOOT_POWERON" />
146-->[:flutter_local_notifications] AndroidManifest.xml:28:17-82
146-->[:flutter_local_notifications] AndroidManifest.xml:28:25-79
147                <action android:name="com.htc.intent.action.QUICKBOOT_POWERON" />
147-->[:flutter_local_notifications] AndroidManifest.xml:29:17-82
147-->[:flutter_local_notifications] AndroidManifest.xml:29:25-79
148            </intent-filter>
149        </receiver>
150
151        <uses-library
151-->[androidx.window:window:1.0.0-beta04] AndroidManifest.xml:25:9-27:40
152            android:name="androidx.window.extensions"
152-->[androidx.window:window:1.0.0-beta04] AndroidManifest.xml:26:13-54
153            android:required="false" />
153-->[androidx.window:window:1.0.0-beta04] AndroidManifest.xml:27:13-37
154        <uses-library
154-->[androidx.window:window:1.0.0-beta04] AndroidManifest.xml:28:9-30:40
155            android:name="androidx.window.sidecar"
155-->[androidx.window:window:1.0.0-beta04] AndroidManifest.xml:29:13-51
156            android:required="false" />
156-->[androidx.window:window:1.0.0-beta04] AndroidManifest.xml:30:13-37
157
158        <receiver
158-->[com.google.firebase:firebase-messaging:23.1.2] AndroidManifest.xml:31:9-38:20
159            android:name="com.google.firebase.iid.FirebaseInstanceIdReceiver"
159-->[com.google.firebase:firebase-messaging:23.1.2] AndroidManifest.xml:32:13-78
160            android:exported="true"
160-->[com.google.firebase:firebase-messaging:23.1.2] AndroidManifest.xml:33:13-36
161            android:permission="com.google.android.c2dm.permission.SEND" >
161-->[com.google.firebase:firebase-messaging:23.1.2] AndroidManifest.xml:34:13-73
162            <intent-filter>
162-->[:firebase_messaging] AndroidManifest.xml:32:13-34:29
163                <action android:name="com.google.android.c2dm.intent.RECEIVE" />
163-->[:firebase_messaging] AndroidManifest.xml:33:17-81
163-->[:firebase_messaging] AndroidManifest.xml:33:25-78
164            </intent-filter>
165        </receiver>
166        <!--
167             FirebaseMessagingService performs security checks at runtime,
168             but set to not exported to explicitly avoid allowing another app to call it.
169        -->
170        <service
170-->[com.google.firebase:firebase-messaging:23.1.2] AndroidManifest.xml:44:9-51:19
171            android:name="com.google.firebase.messaging.FirebaseMessagingService"
171-->[com.google.firebase:firebase-messaging:23.1.2] AndroidManifest.xml:45:13-82
172            android:directBootAware="true"
172-->[com.google.firebase:firebase-messaging:23.1.2] AndroidManifest.xml:46:13-43
173            android:exported="false" >
173-->[com.google.firebase:firebase-messaging:23.1.2] AndroidManifest.xml:47:13-37
174            <intent-filter android:priority="-500" >
174-->[:firebase_messaging] AndroidManifest.xml:23:13-25:29
175                <action android:name="com.google.firebase.MESSAGING_EVENT" />
175-->[:firebase_messaging] AndroidManifest.xml:24:17-78
175-->[:firebase_messaging] AndroidManifest.xml:24:25-75
176            </intent-filter>
177        </service>
178        <service
178-->[com.google.android.datatransport:transport-backend-cct:3.1.8] AndroidManifest.xml:28:9-34:19
179            android:name="com.google.android.datatransport.runtime.backends.TransportBackendDiscovery"
179-->[com.google.android.datatransport:transport-backend-cct:3.1.8] AndroidManifest.xml:29:13-103
180            android:exported="false" >
180-->[com.google.android.datatransport:transport-backend-cct:3.1.8] AndroidManifest.xml:30:13-37
181            <meta-data
181-->[com.google.android.datatransport:transport-backend-cct:3.1.8] AndroidManifest.xml:31:13-33:39
182                android:name="backend:com.google.android.datatransport.cct.CctBackendFactory"
182-->[com.google.android.datatransport:transport-backend-cct:3.1.8] AndroidManifest.xml:32:17-94
183                android:value="cct" />
183-->[com.google.android.datatransport:transport-backend-cct:3.1.8] AndroidManifest.xml:33:17-36
184        </service>
185        <service
185-->[com.google.android.datatransport:transport-runtime:3.1.8] AndroidManifest.xml:26:9-30:19
186            android:name="com.google.android.datatransport.runtime.scheduling.jobscheduling.JobInfoSchedulerService"
186-->[com.google.android.datatransport:transport-runtime:3.1.8] AndroidManifest.xml:27:13-117
187            android:exported="false"
187-->[com.google.android.datatransport:transport-runtime:3.1.8] AndroidManifest.xml:28:13-37
188            android:permission="android.permission.BIND_JOB_SERVICE" >
188-->[com.google.android.datatransport:transport-runtime:3.1.8] AndroidManifest.xml:29:13-69
189        </service>
190
191        <receiver
191-->[com.google.android.datatransport:transport-runtime:3.1.8] AndroidManifest.xml:32:9-34:40
192            android:name="com.google.android.datatransport.runtime.scheduling.jobscheduling.AlarmManagerSchedulerBroadcastReceiver"
192-->[com.google.android.datatransport:transport-runtime:3.1.8] AndroidManifest.xml:33:13-132
193            android:exported="false" />
193-->[com.google.android.datatransport:transport-runtime:3.1.8] AndroidManifest.xml:34:13-37
194
195        <provider
195-->[com.google.firebase:firebase-common:20.3.2] AndroidManifest.xml:25:9-30:39
196            android:name="com.google.firebase.provider.FirebaseInitProvider"
196-->[com.google.firebase:firebase-common:20.3.2] AndroidManifest.xml:26:13-77
197            android:authorities="com.example.linkedin_feed.firebaseinitprovider"
197-->[com.google.firebase:firebase-common:20.3.2] AndroidManifest.xml:27:13-72
198            android:directBootAware="true"
198-->[com.google.firebase:firebase-common:20.3.2] AndroidManifest.xml:28:13-43
199            android:exported="false"
199-->[com.google.firebase:firebase-common:20.3.2] AndroidManifest.xml:29:13-37
200            android:initOrder="100" />
200-->[com.google.firebase:firebase-common:20.3.2] AndroidManifest.xml:30:13-36
201
202        <receiver
202-->[com.google.android.gms:play-services-measurement:21.2.2] AndroidManifest.xml:29:9-33:20
203            android:name="com.google.android.gms.measurement.AppMeasurementReceiver"
203-->[com.google.android.gms:play-services-measurement:21.2.2] AndroidManifest.xml:30:13-85
204            android:enabled="true"
204-->[com.google.android.gms:play-services-measurement:21.2.2] AndroidManifest.xml:31:13-35
205            android:exported="false" >
205-->[com.google.android.gms:play-services-measurement:21.2.2] AndroidManifest.xml:32:13-37
206        </receiver>
207
208        <service
208-->[com.google.android.gms:play-services-measurement:21.2.2] AndroidManifest.xml:35:9-38:40
209            android:name="com.google.android.gms.measurement.AppMeasurementService"
209-->[com.google.android.gms:play-services-measurement:21.2.2] AndroidManifest.xml:36:13-84
210            android:enabled="true"
210-->[com.google.android.gms:play-services-measurement:21.2.2] AndroidManifest.xml:37:13-35
211            android:exported="false" />
211-->[com.google.android.gms:play-services-measurement:21.2.2] AndroidManifest.xml:38:13-37
212        <service
212-->[com.google.android.gms:play-services-measurement:21.2.2] AndroidManifest.xml:39:9-43:72
213            android:name="com.google.android.gms.measurement.AppMeasurementJobService"
213-->[com.google.android.gms:play-services-measurement:21.2.2] AndroidManifest.xml:40:13-87
214            android:enabled="true"
214-->[com.google.android.gms:play-services-measurement:21.2.2] AndroidManifest.xml:41:13-35
215            android:exported="false"
215-->[com.google.android.gms:play-services-measurement:21.2.2] AndroidManifest.xml:42:13-37
216            android:permission="android.permission.BIND_JOB_SERVICE" />
216-->[com.google.android.gms:play-services-measurement:21.2.2] AndroidManifest.xml:43:13-69
217
218        <activity
218-->[com.google.android.gms:play-services-base:18.0.1] AndroidManifest.xml:20:9-22:45
219            android:name="com.google.android.gms.common.api.GoogleApiActivity"
219-->[com.google.android.gms:play-services-base:18.0.1] AndroidManifest.xml:20:19-85
220            android:exported="false"
220-->[com.google.android.gms:play-services-base:18.0.1] AndroidManifest.xml:22:19-43
221            android:theme="@android:style/Theme.Translucent.NoTitleBar" />
221-->[com.google.android.gms:play-services-base:18.0.1] AndroidManifest.xml:21:19-78
222
223        <meta-data
223-->[com.google.android.gms:play-services-basement:18.1.0] AndroidManifest.xml:21:9-23:69
224            android:name="com.google.android.gms.version"
224-->[com.google.android.gms:play-services-basement:18.1.0] AndroidManifest.xml:22:13-58
225            android:value="@integer/google_play_services_version" />
225-->[com.google.android.gms:play-services-basement:18.1.0] AndroidManifest.xml:23:13-66
226    </application>
227
228</manifest>